<?xml version="1.0" encoding="UTF-8"?>
<!-- Generated by org.testng.reporters.JUnitReportReporter -->
<testsuite skipped="0" hostname="LP-IN-NW147-02" name="com.test.AdminPageTest" tests="1" failures="0" timestamp="2022-04-19T15:35:53 IST" time="3.783" errors="0">
  <testcase name="clickAdmin" time="3.783" classname="com.test.AdminPageTest"/>
  <system-out/>
</testsuite> <!-- com.test.AdminPageTest -->
