<?xml version="1.0" encoding="UTF-8"?>
<!-- Generated by org.testng.reporters.JUnitReportReporter -->
<testsuite skipped="0" hostname="LP-IN-NW147-02" name="com.test.LoginPageTest" tests="1" failures="0" timestamp="2022-04-19T15:35:53 IST" time="42.279" errors="0">
  <testcase name="signIn" time="42.279" classname="com.test.LoginPageTest"/>
  <system-out/>
</testsuite> <!-- com.test.LoginPageTest -->
